This is pdfTeX, Version 3.141592653-2.6-1.40.23 (TeX Live 2021/W32TeX) (preloaded format=pdflatex 2022.3.25)  25 MAR 2022 09:23
entering extended mode
 restricted \write18 enabled.
 %&-line parsing enabled.
**"eror and solved.tex"
(./eror and solved.tex
LaTeX2e <2021-11-15> patch level 1
L3 programming layer <2022-02-24>
(d:/aplikasi/texlive/2021/texmf-dist/tex/latex/base/article.cls
Document Class: article 2021/10/04 v1.4n Standard LaTeX document class
(d:/aplikasi/texlive/2021/texmf-dist/tex/latex/base/size10.clo
File: size10.clo 2021/10/04 v1.4n Standard LaTeX file (size option)
)
\c@part=\count185
\c@section=\count186
\c@subsection=\count187
\c@subsubsection=\count188
\c@paragraph=\count189
\c@subparagraph=\count190
\c@figure=\count191
\c@table=\count192
\abovecaptionskip=\skip47
\belowcaptionskip=\skip48
\bibindent=\dimen138
)
(d:/aplikasi/texlive/2021/texmf-dist/tex/generic/babel/babel.sty
Package: babel 2022/02/26 3.73 The Babel package
\babel@savecnt=\count193
\U@D=\dimen139
\l@unhyphenated=\language87

(d:/aplikasi/texlive/2021/texmf-dist/tex/generic/babel/txtbabel.def)
\bbl@readstream=\read2
\bbl@dirlevel=\count194

(d:/aplikasi/texlive/2021/texmf-dist/tex/generic/babel-english/english.ldf
Language: english 2017/06/06 v3.3r English support from the babel system
Package babel Info: Hyphen rules for 'canadian' set to \l@english
(babel)             (\language0). Reported on input line 102.
Package babel Info: Hyphen rules for 'australian' set to \l@ukenglish
(babel)             (\language21). Reported on input line 105.
Package babel Info: Hyphen rules for 'newzealand' set to \l@ukenglish
(babel)             (\language21). Reported on input line 108.
))
(d:/aplikasi/texlive/2021/texmf-dist/tex/latex/geometry/geometry.sty
Package: geometry 2020/01/02 v5.9 Page Geometry

(d:/aplikasi/texlive/2021/texmf-dist/tex/latex/graphics/keyval.sty
Package: keyval 2014/10/28 v1.15 key=value parser (DPC)
\KV@toks@=\toks16
)
(d:/aplikasi/texlive/2021/texmf-dist/tex/generic/iftex/ifvtex.sty
Package: ifvtex 2019/10/25 v1.7 ifvtex legacy package. Use iftex instead.

(d:/aplikasi/texlive/2021/texmf-dist/tex/generic/iftex/iftex.sty
Package: iftex 2022/02/03 v1.0f TeX engine tests
))
\Gm@cnth=\count195
\Gm@cntv=\count196
\c@Gm@tempcnt=\count197
\Gm@bindingoffset=\dimen140
\Gm@wd@mp=\dimen141
\Gm@odd@mp=\dimen142
\Gm@even@mp=\dimen143
\Gm@layoutwidth=\dimen144
\Gm@layoutheight=\dimen145
\Gm@layouthoffset=\dimen146
\Gm@layoutvoffset=\dimen147
\Gm@dimlist=\toks17
)
(d:/aplikasi/texlive/2021/texmf-dist/tex/latex/amsmath/amsmath.sty
Package: amsmath 2021/10/15 v2.17l AMS math features
\@mathmargin=\skip49

For additional information on amsmath, use the `?' option.
(d:/aplikasi/texlive/2021/texmf-dist/tex/latex/amsmath/amstext.sty
Package: amstext 2021/08/26 v2.01 AMS text

(d:/aplikasi/texlive/2021/texmf-dist/tex/latex/amsmath/amsgen.sty
File: amsgen.sty 1999/11/30 v2.0 generic functions
\@emptytoks=\toks18
\ex@=\dimen148
))
(d:/aplikasi/texlive/2021/texmf-dist/tex/latex/amsmath/amsbsy.sty
Package: amsbsy 1999/11/29 v1.2d Bold Symbols
\pmbraise@=\dimen149
)
(d:/aplikasi/texlive/2021/texmf-dist/tex/latex/amsmath/amsopn.sty
Package: amsopn 2021/08/26 v2.02 operator names
)
\inf@bad=\count198
LaTeX Info: Redefining \frac on input line 234.
\uproot@=\count199
\leftroot@=\count266
LaTeX Info: Redefining \overline on input line 399.
\classnum@=\count267
\DOTSCASE@=\count268
LaTeX Info: Redefining \ldots on input line 496.
LaTeX Info: Redefining \dots on input line 499.
LaTeX Info: Redefining \cdots on input line 620.
\Mathstrutbox@=\box50
\strutbox@=\box51
\big@size=\dimen150
LaTeX Font Info:    Redeclaring font encoding OML on input line 743.
LaTeX Font Info:    Redeclaring font encoding OMS on input line 744.
\macc@depth=\count269
\c@MaxMatrixCols=\count270
\dotsspace@=\muskip16
\c@parentequation=\count271
\dspbrk@lvl=\count272
\tag@help=\toks19
\row@=\count273
\column@=\count274
\maxfields@=\count275
\andhelp@=\toks20
\eqnshift@=\dimen151
\alignsep@=\dimen152
\tagshift@=\dimen153
\tagwidth@=\dimen154
\totwidth@=\dimen155
\lineht@=\dimen156
\@envbody=\toks21
\multlinegap=\skip50
\multlinetaggap=\skip51
\mathdisplay@stack=\toks22
LaTeX Info: Redefining \[ on input line 2938.
LaTeX Info: Redefining \] on input line 2939.
)
(d:/aplikasi/texlive/2021/texmf-dist/tex/latex/graphics/graphicx.sty
Package: graphicx 2021/09/16 v1.2d Enhanced LaTeX Graphics (DPC,SPQR)

(d:/aplikasi/texlive/2021/texmf-dist/tex/latex/graphics/graphics.sty
Package: graphics 2021/03/04 v1.4d Standard LaTeX Graphics (DPC,SPQR)

(d:/aplikasi/texlive/2021/texmf-dist/tex/latex/graphics/trig.sty
Package: trig 2021/08/11 v1.11 sin cos tan (DPC)
)
(d:/aplikasi/texlive/2021/texmf-dist/tex/latex/graphics-cfg/graphics.cfg
File: graphics.cfg 2016/06/04 v1.11 sample graphics configuration
)
Package graphics Info: Driver file: pdftex.def on input line 107.

(d:/aplikasi/texlive/2021/texmf-dist/tex/latex/graphics-def/pdftex.def
File: pdftex.def 2020/10/05 v1.2a Graphics/color driver for pdftex
))
\Gin@req@height=\dimen157
\Gin@req@width=\dimen158
)
(d:/aplikasi/texlive/2021/texmf-dist/tex/latex/hyperref/hyperref.sty
Package: hyperref 2022-02-21 v7.00n Hypertext links for LaTeX

(d:/aplikasi/texlive/2021/texmf-dist/tex/generic/ltxcmds/ltxcmds.sty
Package: ltxcmds 2020-05-10 v1.25 LaTeX kernel commands for general use (HO)
)
(d:/aplikasi/texlive/2021/texmf-dist/tex/generic/pdftexcmds/pdftexcmds.sty
Package: pdftexcmds 2020-06-27 v0.33 Utility functions of pdfTeX for LuaTeX (HO
)

(d:/aplikasi/texlive/2021/texmf-dist/tex/generic/infwarerr/infwarerr.sty
Package: infwarerr 2019/12/03 v1.5 Providing info/warning/error messages (HO)
)
Package pdftexcmds Info: \pdf@primitive is available.
Package pdftexcmds Info: \pdf@ifprimitive is available.
Package pdftexcmds Info: \pdfdraftmode found.
)
(d:/aplikasi/texlive/2021/texmf-dist/tex/generic/kvsetkeys/kvsetkeys.sty
Package: kvsetkeys 2019/12/15 v1.18 Key value parser (HO)
)
(d:/aplikasi/texlive/2021/texmf-dist/tex/generic/kvdefinekeys/kvdefinekeys.sty
Package: kvdefinekeys 2019-12-19 v1.6 Define keys (HO)
) (d:/aplikasi/texlive/2021/texmf-dist/tex/generic/pdfescape/pdfescape.sty
Package: pdfescape 2019/12/09 v1.15 Implements pdfTeX's escape features (HO)
)
(d:/aplikasi/texlive/2021/texmf-dist/tex/latex/hycolor/hycolor.sty
Package: hycolor 2020-01-27 v1.10 Color options for hyperref/bookmark (HO)
)
(d:/aplikasi/texlive/2021/texmf-dist/tex/latex/letltxmacro/letltxmacro.sty
Package: letltxmacro 2019/12/03 v1.6 Let assignment for LaTeX macros (HO)
)
(d:/aplikasi/texlive/2021/texmf-dist/tex/latex/auxhook/auxhook.sty
Package: auxhook 2019-12-17 v1.6 Hooks for auxiliary files (HO)
)
(d:/aplikasi/texlive/2021/texmf-dist/tex/latex/kvoptions/kvoptions.sty
Package: kvoptions 2020-10-07 v3.14 Key value format for package options (HO)
)
\@linkdim=\dimen159
\Hy@linkcounter=\count276
\Hy@pagecounter=\count277

(d:/aplikasi/texlive/2021/texmf-dist/tex/latex/hyperref/pd1enc.def
File: pd1enc.def 2022-02-21 v7.00n Hyperref: PDFDocEncoding definition (HO)
Now handling font encoding PD1 ...
... no UTF-8 mapping file for font encoding PD1
)
(d:/aplikasi/texlive/2021/texmf-dist/tex/generic/intcalc/intcalc.sty
Package: intcalc 2019/12/15 v1.3 Expandable calculations with integers (HO)
)
(d:/aplikasi/texlive/2021/texmf-dist/tex/generic/etexcmds/etexcmds.sty
Package: etexcmds 2019/12/15 v1.7 Avoid name clashes with e-TeX commands (HO)
)
\Hy@SavedSpaceFactor=\count278

(d:/aplikasi/texlive/2021/texmf-dist/tex/latex/hyperref/puenc.def
File: puenc.def 2022-02-21 v7.00n Hyperref: PDF Unicode definition (HO)
Now handling font encoding PU ...
... no UTF-8 mapping file for font encoding PU
)
Package hyperref Info: Option `colorlinks' set `true' on input line 4018.
Package hyperref Info: Hyper figures OFF on input line 4137.
Package hyperref Info: Link nesting OFF on input line 4142.
Package hyperref Info: Hyper index ON on input line 4145.
Package hyperref Info: Plain pages OFF on input line 4152.
Package hyperref Info: Backreferencing OFF on input line 4157.
Package hyperref Info: Implicit mode ON; LaTeX internals redefined.
Package hyperref Info: Bookmarks ON on input line 4390.
\c@Hy@tempcnt=\count279

(d:/aplikasi/texlive/2021/texmf-dist/tex/latex/url/url.sty
\Urlmuskip=\muskip17
Package: url 2013/09/16  ver 3.4  Verb mode for urls, etc.
)
LaTeX Info: Redefining \url on input line 4749.
\XeTeXLinkMargin=\dimen160

(d:/aplikasi/texlive/2021/texmf-dist/tex/generic/bitset/bitset.sty
Package: bitset 2019/12/09 v1.3 Handle bit-vector datatype (HO)

(d:/aplikasi/texlive/2021/texmf-dist/tex/generic/bigintcalc/bigintcalc.sty
Package: bigintcalc 2019/12/15 v1.5 Expandable calculations on big integers (HO
)
))
\Fld@menulength=\count280
\Field@Width=\dimen161
\Fld@charsize=\dimen162
Package hyperref Info: Hyper figures OFF on input line 6027.
Package hyperref Info: Link nesting OFF on input line 6032.
Package hyperref Info: Hyper index ON on input line 6035.
Package hyperref Info: backreferencing OFF on input line 6042.
Package hyperref Info: Link coloring ON on input line 6045.
Package hyperref Info: Link coloring with OCG OFF on input line 6052.
Package hyperref Info: PDF/A mode OFF on input line 6057.
LaTeX Info: Redefining \ref on input line 6097.
LaTeX Info: Redefining \pageref on input line 6101.

(d:/aplikasi/texlive/2021/texmf-dist/tex/latex/base/atbegshi-ltx.sty
Package: atbegshi-ltx 2021/01/10 v1.0c Emulation of the original atbegshi
package with kernel methods
)
\Hy@abspage=\count281
\c@Item=\count282
\c@Hfootnote=\count283
)
Package hyperref Info: Driver (autodetected): hpdftex.

(d:/aplikasi/texlive/2021/texmf-dist/tex/latex/hyperref/hpdftex.def
File: hpdftex.def 2022-02-21 v7.00n Hyperref driver for pdfTeX

(d:/aplikasi/texlive/2021/texmf-dist/tex/latex/base/atveryend-ltx.sty
Package: atveryend-ltx 2020/08/19 v1.0a Emulation of the original atveryend pac
kage
with kernel methods
)
\Fld@listcount=\count284
\c@bookmark@seq@number=\count285

(d:/aplikasi/texlive/2021/texmf-dist/tex/latex/rerunfilecheck/rerunfilecheck.st
y
Package: rerunfilecheck 2019/12/05 v1.9 Rerun checks for auxiliary files (HO)

(d:/aplikasi/texlive/2021/texmf-dist/tex/generic/uniquecounter/uniquecounter.st
y
Package: uniquecounter 2019/12/15 v1.4 Provide unlimited unique counter (HO)
)
Package uniquecounter Info: New unique counter `rerunfilecheck' on input line 2
86.
)
\Hy@SectionHShift=\skip52
)
(d:/aplikasi/texlive/2021/texmf-dist/tex/latex/l3backend/l3backend-pdftex.def
File: l3backend-pdftex.def 2022-02-07 L3 backend support: PDF output (pdfTeX)
\l__color_backend_stack_int=\count286
\l__pdf_internal_box=\box52
)
(./eror and solved.aux)
\openout1 = `"eror and solved.aux"'.

LaTeX Font Info:    Checking defaults for OML/cmm/m/it on input line 19.
LaTeX Font Info:    ... okay on input line 19.
LaTeX Font Info:    Checking defaults for OMS/cmsy/m/n on input line 19.
LaTeX Font Info:    ... okay on input line 19.
LaTeX Font Info:    Checking defaults for OT1/cmr/m/n on input line 19.
LaTeX Font Info:    ... okay on input line 19.
LaTeX Font Info:    Checking defaults for T1/cmr/m/n on input line 19.
LaTeX Font Info:    ... okay on input line 19.
LaTeX Font Info:    Checking defaults for TS1/cmr/m/n on input line 19.
LaTeX Font Info:    ... okay on input line 19.
LaTeX Font Info:    Checking defaults for OMX/cmex/m/n on input line 19.
LaTeX Font Info:    ... okay on input line 19.
LaTeX Font Info:    Checking defaults for U/cmr/m/n on input line 19.
LaTeX Font Info:    ... okay on input line 19.
LaTeX Font Info:    Checking defaults for PD1/pdf/m/n on input line 19.
LaTeX Font Info:    ... okay on input line 19.
LaTeX Font Info:    Checking defaults for PU/pdf/m/n on input line 19.
LaTeX Font Info:    ... okay on input line 19.

*geometry* driver: auto-detecting
*geometry* detected driver: pdftex
*geometry* verbose mode - [ preamble ] result:
* driver: pdftex
* paper: letterpaper
* layout: <same size as paper>
* layoutoffset:(h,v)=(0.0pt,0.0pt)
* modes: 
* h-part:(L,W,R)=(85.35826pt, 443.57848pt, 85.35826pt)
* v-part:(T,H,B)=(56.9055pt, 681.15898pt, 56.9055pt)
* \paperwidth=614.295pt
* \paperheight=794.96999pt
* \textwidth=443.57848pt
* \textheight=681.15898pt
* \oddsidemargin=13.08827pt
* \evensidemargin=13.08827pt
* \topmargin=-52.36449pt
* \headheight=12.0pt
* \headsep=25.0pt
* \topskip=10.0pt
* \footskip=30.0pt
* \marginparwidth=49.79231pt
* \marginparsep=11.0pt
* \columnsep=10.0pt
* \skip\footins=9.0pt plus 4.0pt minus 2.0pt
* \hoffset=0.0pt
* \voffset=0.0pt
* \mag=1000
* \@twocolumnfalse
* \@twosidefalse
* \@mparswitchfalse
* \@reversemarginfalse
* (1in=72.27pt=25.4mm, 1cm=28.453pt)

(d:/aplikasi/texlive/2021/texmf-dist/tex/context/base/mkii/supp-pdf.mkii
[Loading MPS to PDF converter (version 2006.09.02).]
\scratchcounter=\count287
\scratchdimen=\dimen163
\scratchbox=\box53
\nofMPsegments=\count288
\nofMParguments=\count289
\everyMPshowfont=\toks23
\MPscratchCnt=\count290
\MPscratchDim=\dimen164
\MPnumerator=\count291
\makeMPintoPDFobject=\count292
\everyMPtoPDFconversion=\toks24
) (d:/aplikasi/texlive/2021/texmf-dist/tex/latex/epstopdf-pkg/epstopdf-base.sty
Package: epstopdf-base 2020-01-24 v2.11 Base part for package epstopdf
Package epstopdf-base Info: Redefining graphics rule for `.eps' on input line 4
85.
(d:/aplikasi/texlive/2021/texmf-dist/tex/latex/latexconfig/epstopdf-sys.cfg
File: epstopdf-sys.cfg 2010/07/13 v1.3 Configuration of (r)epstopdf for TeX Liv
e
))
(d:/aplikasi/texlive/2021/texmf-dist/tex/latex/graphics/color.sty
Package: color 2021/12/07 v1.3c Standard LaTeX Color (DPC)

(d:/aplikasi/texlive/2021/texmf-dist/tex/latex/graphics-cfg/color.cfg
File: color.cfg 2016/01/02 v1.6 sample color configuration
)
Package color Info: Driver file: pdftex.def on input line 149.
)
Package hyperref Info: Link coloring ON on input line 19.

(d:/aplikasi/texlive/2021/texmf-dist/tex/latex/hyperref/nameref.sty
Package: nameref 2021-04-02 v2.47 Cross-referencing by name of section

(d:/aplikasi/texlive/2021/texmf-dist/tex/latex/refcount/refcount.sty
Package: refcount 2019/12/15 v3.6 Data extraction from label references (HO)
)
(d:/aplikasi/texlive/2021/texmf-dist/tex/generic/gettitlestring/gettitlestring.
sty
Package: gettitlestring 2019/12/15 v1.6 Cleanup title references (HO)
)
\c@section@level=\count293
)
LaTeX Info: Redefining \ref on input line 19.
LaTeX Info: Redefining \pageref on input line 19.
LaTeX Info: Redefining \nameref on input line 19.
 (./eror and solved.out) (./eror and solved.out)
\@outlinefile=\write3
\openout3 = `"eror and solved.out"'.

<gambar/09_error.png, id=88, 1371.1225pt x 770.88pt>
File: gambar/09_error.png Graphic file (type png)
<use gambar/09_error.png>
Package pdftex.def Info: gambar/09_error.png  used on input line 23.
(pdftex.def)             Requested size: 221.78923pt x 124.69603pt.
<gambar/09_penanganan.png, id=90, 1371.1225pt x 770.88pt>
File: gambar/09_penanganan.png Graphic file (type png)
<use gambar/09_penanganan.png>
Package pdftex.def Info: gambar/09_penanganan.png  used on input line 24.
(pdftex.def)             Requested size: 221.78923pt x 124.69603pt.

Overfull \hbox (2.2222pt too wide) in paragraph at lines 23--25
[] [] 
 []

<gambar/10_error.png, id=91, 1371.1225pt x 770.88pt>
File: gambar/10_error.png Graphic file (type png)
<use gambar/10_error.png>
Package pdftex.def Info: gambar/10_error.png  used on input line 27.
(pdftex.def)             Requested size: 221.78923pt x 124.69603pt.
<gambar/10_penanganan.png, id=92, 1371.1225pt x 770.88pt>
File: gambar/10_penanganan.png Graphic file (type png)
<use gambar/10_penanganan.png>
Package pdftex.def Info: gambar/10_penanganan.png  used on input line 28.
(pdftex.def)             Requested size: 221.78923pt x 124.69603pt.

Overfull \hbox (2.2222pt too wide) in paragraph at lines 27--29
[] [] 
 []

<gambar/11_error.png, id=93, 1371.1225pt x 770.88pt>
File: gambar/11_error.png Graphic file (type png)
<use gambar/11_error.png>
Package pdftex.def Info: gambar/11_error.png  used on input line 31.
(pdftex.def)             Requested size: 221.78923pt x 124.69603pt.
<gambar/11_penanganan.png, id=94, 1371.1225pt x 770.88pt>
File: gambar/11_penanganan.png Graphic file (type png)
<use gambar/11_penanganan.png>
Package pdftex.def Info: gambar/11_penanganan.png  used on input line 32.
(pdftex.def)             Requested size: 221.78923pt x 124.69603pt.

Overfull \hbox (2.2222pt too wide) in paragraph at lines 31--33
[] [] 
 []

<gambar/13_error.png, id=95, 1028.34187pt x 554.82281pt>
File: gambar/13_error.png Graphic file (type png)
<use gambar/13_error.png>
Package pdftex.def Info: gambar/13_error.png  used on input line 35.
(pdftex.def)             Requested size: 221.78923pt x 119.65707pt.
<gambar/13_penanganan.png, id=96, 1028.34187pt x 554.82281pt>
File: gambar/13_penanganan.png Graphic file (type png)
<use gambar/13_penanganan.png>
Package pdftex.def Info: gambar/13_penanganan.png  used on input line 36.
(pdftex.def)             Requested size: 221.78923pt x 119.65707pt.

Overfull \hbox (2.2222pt too wide) in paragraph at lines 35--37
[] [] 
 []

[1

{d:/aplikasi/texlive/2021/texmf-var/fonts/map/pdftex/updmap/pdftex.map} <./gamb
ar/09_error.png> <./gambar/09_penanganan.png> <./gambar/10_error.png> <./gambar
/10_penanganan.png> <./gambar/11_error.png> <./gambar/11_penanganan.png>]
<gambar/14_error.png, id=112, 1028.34187pt x 555.57562pt>
File: gambar/14_error.png Graphic file (type png)
<use gambar/14_error.png>
Package pdftex.def Info: gambar/14_error.png  used on input line 39.
(pdftex.def)             Requested size: 221.78923pt x 119.81943pt.
<gambar/14_penanganan.png, id=113, 1028.34187pt x 554.82281pt>
File: gambar/14_penanganan.png Graphic file (type png)
<use gambar/14_penanganan.png>
Package pdftex.def Info: gambar/14_penanganan.png  used on input line 40.
(pdftex.def)             Requested size: 221.78923pt x 119.65707pt.

Overfull \hbox (2.2222pt too wide) in paragraph at lines 39--41
[] [] 
 []

<gambar/15_error.png, id=114, 1028.34187pt x 554.82281pt>
File: gambar/15_error.png Graphic file (type png)
<use gambar/15_error.png>
Package pdftex.def Info: gambar/15_error.png  used on input line 43.
(pdftex.def)             Requested size: 221.78923pt x 119.65707pt.
<gambar/15_penanganan.png, id=115, 1028.34187pt x 556.32843pt>
File: gambar/15_penanganan.png Graphic file (type png)
<use gambar/15_penanganan.png>
Package pdftex.def Info: gambar/15_penanganan.png  used on input line 44.
(pdftex.def)             Requested size: 221.78923pt x 119.98178pt.

Overfull \hbox (2.2222pt too wide) in paragraph at lines 43--45
[] [] 
 []

<gambar/16_error.png, id=116, 1028.34187pt x 554.07pt>
File: gambar/16_error.png Graphic file (type png)
<use gambar/16_error.png>
Package pdftex.def Info: gambar/16_error.png  used on input line 47.
(pdftex.def)             Requested size: 221.78923pt x 119.49472pt.
<gambar/16_pengananan.png, id=117, 1028.34187pt x 553.31718pt>
File: gambar/16_pengananan.png Graphic file (type png)
<use gambar/16_pengananan.png>
Package pdftex.def Info: gambar/16_pengananan.png  used on input line 48.
(pdftex.def)             Requested size: 221.78923pt x 119.33235pt.

Overfull \hbox (2.2222pt too wide) in paragraph at lines 47--49
[] [] 
 []

<gambar/17_error.png, id=118, 1028.34187pt x 554.82281pt>
File: gambar/17_error.png Graphic file (type png)
<use gambar/17_error.png>
Package pdftex.def Info: gambar/17_error.png  used on input line 51.
(pdftex.def)             Requested size: 221.78923pt x 119.65707pt.
<gambar/17_pengananan.png, id=119, 1028.34187pt x 554.82281pt>
File: gambar/17_pengananan.png Graphic file (type png)
<use gambar/17_pengananan.png>
Package pdftex.def Info: gambar/17_pengananan.png  used on input line 52.
(pdftex.def)             Requested size: 221.78923pt x 119.65707pt.

Overfull \hbox (2.2222pt too wide) in paragraph at lines 51--53
[] [] 
 []

[2 <./gambar/13_error.png> <./gambar/13_penanganan.png> <./gambar/14_error.png>
 <./gambar/14_penanganan.png> <./gambar/15_error.png> <./gambar/15_penanganan.p
ng> <./gambar/16_error.png> <./gambar/16_pengananan.png>]
<gambar/18_error.png, id=132, 1028.34187pt x 554.07pt>
File: gambar/18_error.png Graphic file (type png)
<use gambar/18_error.png>
Package pdftex.def Info: gambar/18_error.png  used on input line 55.
(pdftex.def)             Requested size: 221.78923pt x 119.49472pt.
<gambar/18_pengananan.png, id=133, 1028.34187pt x 557.08125pt>
File: gambar/18_pengananan.png Graphic file (type png)
<use gambar/18_pengananan.png>
Package pdftex.def Info: gambar/18_pengananan.png  used on input line 56.
(pdftex.def)             Requested size: 221.78923pt x 120.14415pt.

Overfull \hbox (2.2222pt too wide) in paragraph at lines 55--57
[] [] 
 []

<gambar/19_error.png, id=134, 1028.34187pt x 557.08125pt>
File: gambar/19_error.png Graphic file (type png)
<use gambar/19_error.png>
Package pdftex.def Info: gambar/19_error.png  used on input line 59.
(pdftex.def)             Requested size: 221.78923pt x 120.14415pt.
<gambar/19_penanangan.png, id=135, 1028.34187pt x 557.08125pt>
File: gambar/19_penanangan.png Graphic file (type png)
<use gambar/19_penanangan.png>
Package pdftex.def Info: gambar/19_penanangan.png  used on input line 60.
(pdftex.def)             Requested size: 221.78923pt x 120.14415pt.

Overfull \hbox (2.2222pt too wide) in paragraph at lines 59--61
[] [] 
 []

<gambar/20_error.png, id=136, 1028.34187pt x 555.57562pt>
File: gambar/20_error.png Graphic file (type png)
<use gambar/20_error.png>
Package pdftex.def Info: gambar/20_error.png  used on input line 63.
(pdftex.def)             Requested size: 221.78923pt x 119.81943pt.
<gambar/20_pengananan.png, id=137, 1028.34187pt x 554.82281pt>
File: gambar/20_pengananan.png Graphic file (type png)
<use gambar/20_pengananan.png>
Package pdftex.def Info: gambar/20_pengananan.png  used on input line 64.
(pdftex.def)             Requested size: 221.78923pt x 119.65707pt.

Overfull \hbox (2.2222pt too wide) in paragraph at lines 63--65
[] [] 
 []

<gambar/21_error.png, id=138, 1028.34187pt x 554.82281pt>
File: gambar/21_error.png Graphic file (type png)
<use gambar/21_error.png>
Package pdftex.def Info: gambar/21_error.png  used on input line 67.
(pdftex.def)             Requested size: 221.78923pt x 119.65707pt.
<gambar/21_penanganan.png, id=139, 1028.34187pt x 555.57562pt>
File: gambar/21_penanganan.png Graphic file (type png)
<use gambar/21_penanganan.png>
Package pdftex.def Info: gambar/21_penanganan.png  used on input line 68.
(pdftex.def)             Requested size: 221.78923pt x 119.81943pt.

Overfull \hbox (2.2222pt too wide) in paragraph at lines 67--69
[] [] 
 []

[3 <./gambar/17_error.png> <./gambar/17_pengananan.png> <./gambar/18_error.png>
 <./gambar/18_pengananan.png> <./gambar/19_error.png> <./gambar/19_penanangan.p
ng> <./gambar/20_error.png> <./gambar/20_pengananan.png>]
<gambar/22_error.png, id=152, 1028.34187pt x 557.08125pt>
File: gambar/22_error.png Graphic file (type png)
<use gambar/22_error.png>
Package pdftex.def Info: gambar/22_error.png  used on input line 71.
(pdftex.def)             Requested size: 221.78923pt x 120.14415pt.
File: gambar/22_error.png Graphic file (type png)
<use gambar/22_error.png>
Package pdftex.def Info: gambar/22_error.png  used on input line 72.
(pdftex.def)             Requested size: 221.78923pt x 120.14415pt.

Overfull \hbox (2.2222pt too wide) in paragraph at lines 71--73
[] [] 
 []

<gambar/24_error.png, id=153, 1028.34187pt x 553.31718pt>
File: gambar/24_error.png Graphic file (type png)
<use gambar/24_error.png>
Package pdftex.def Info: gambar/24_error.png  used on input line 75.
(pdftex.def)             Requested size: 221.78923pt x 119.33235pt.
<gambar/24_penanganan.png, id=154, 1028.34187pt x 557.08125pt>
File: gambar/24_penanganan.png Graphic file (type png)
<use gambar/24_penanganan.png>
Package pdftex.def Info: gambar/24_penanganan.png  used on input line 76.
(pdftex.def)             Requested size: 221.78923pt x 120.14415pt.

Overfull \hbox (2.2222pt too wide) in paragraph at lines 75--77
[] [] 
 []

<gambar/25_error.png, id=155, 1028.34187pt x 557.08125pt>
File: gambar/25_error.png Graphic file (type png)
<use gambar/25_error.png>
Package pdftex.def Info: gambar/25_error.png  used on input line 79.
(pdftex.def)             Requested size: 221.78923pt x 120.14415pt.
<gambar/25_pengananan.png, id=156, 1028.34187pt x 556.32843pt>
File: gambar/25_pengananan.png Graphic file (type png)
<use gambar/25_pengananan.png>
Package pdftex.def Info: gambar/25_pengananan.png  used on input line 80.
(pdftex.def)             Requested size: 221.78923pt x 119.98178pt.

Overfull \hbox (2.2222pt too wide) in paragraph at lines 79--81
[] [] 
 []

<gambar/26_error.png, id=157, 1028.34187pt x 556.32843pt>
File: gambar/26_error.png Graphic file (type png)
<use gambar/26_error.png>
Package pdftex.def Info: gambar/26_error.png  used on input line 83.
(pdftex.def)             Requested size: 221.78923pt x 119.98178pt.
<gambar/26_pengananan.png, id=158, 1028.34187pt x 554.07pt>
File: gambar/26_pengananan.png Graphic file (type png)
<use gambar/26_pengananan.png>
Package pdftex.def Info: gambar/26_pengananan.png  used on input line 84.
(pdftex.def)             Requested size: 221.78923pt x 119.49472pt.

Overfull \hbox (2.2222pt too wide) in paragraph at lines 83--85
[] [] 
 []

[4 <./gambar/21_error.png> <./gambar/21_penanganan.png> <./gambar/22_error.png>
 <./gambar/24_error.png> <./gambar/24_penanganan.png> <./gambar/25_error.png> <
./gambar/25_pengananan.png>]
<gambar/27_error.png, id=170, 1028.34187pt x 555.57562pt>
File: gambar/27_error.png Graphic file (type png)
<use gambar/27_error.png>
Package pdftex.def Info: gambar/27_error.png  used on input line 87.
(pdftex.def)             Requested size: 221.78923pt x 119.81943pt.
<gambar/27_pengananan.png, id=171, 1028.34187pt x 554.82281pt>
File: gambar/27_pengananan.png Graphic file (type png)
<use gambar/27_pengananan.png>
Package pdftex.def Info: gambar/27_pengananan.png  used on input line 88.
(pdftex.def)             Requested size: 221.78923pt x 119.65707pt.

Overfull \hbox (2.2222pt too wide) in paragraph at lines 87--89
[] [] 
 []

<gambar/02_error.png, id=172, 1371.1225pt x 770.88pt>
File: gambar/02_error.png Graphic file (type png)
<use gambar/02_error.png>
Package pdftex.def Info: gambar/02_error.png  used on input line 91.
(pdftex.def)             Requested size: 221.78923pt x 124.69603pt.
<gambar/02_penanganan.png, id=173, 1371.1225pt x 770.88pt>
File: gambar/02_penanganan.png Graphic file (type png)
<use gambar/02_penanganan.png>
Package pdftex.def Info: gambar/02_penanganan.png  used on input line 92.
(pdftex.def)             Requested size: 221.78923pt x 124.69603pt.

Overfull \hbox (2.2222pt too wide) in paragraph at lines 91--93
[] [] 
 []

<gambar/08_error.png, id=174, 1371.1225pt x 770.88pt>
File: gambar/08_error.png Graphic file (type png)
<use gambar/08_error.png>
Package pdftex.def Info: gambar/08_error.png  used on input line 95.
(pdftex.def)             Requested size: 221.78923pt x 124.69603pt.
<gambar/08_penanganan.png, id=175, 1371.1225pt x 770.88pt>
File: gambar/08_penanganan.png Graphic file (type png)
<use gambar/08_penanganan.png>
Package pdftex.def Info: gambar/08_penanganan.png  used on input line 96.
(pdftex.def)             Requested size: 221.78923pt x 124.69603pt.

Overfull \hbox (2.2222pt too wide) in paragraph at lines 95--97
[] [] 
 []

<gambar/29_error.png, id=176, 1028.34187pt x 556.32843pt>
File: gambar/29_error.png Graphic file (type png)
<use gambar/29_error.png>
Package pdftex.def Info: gambar/29_error.png  used on input line 99.
(pdftex.def)             Requested size: 221.78923pt x 119.98178pt.
<gambar/29_pengananan.png, id=177, 1028.34187pt x 555.57562pt>
File: gambar/29_pengananan.png Graphic file (type png)
<use gambar/29_pengananan.png>
Package pdftex.def Info: gambar/29_pengananan.png  used on input line 100.
(pdftex.def)             Requested size: 221.78923pt x 119.81943pt.

Overfull \hbox (2.2222pt too wide) in paragraph at lines 99--101
[] [] 
 []

[5 <./gambar/26_error.png> <./gambar/26_pengananan.png> <./gambar/27_error.png>
 <./gambar/27_pengananan.png> <./gambar/02_error.png> <./gambar/02_penanganan.p
ng> <./gambar/08_error.png> <./gambar/08_penanganan.png>]
<gambar/30_error.png, id=190, 1028.34187pt x 554.82281pt>
File: gambar/30_error.png Graphic file (type png)
<use gambar/30_error.png>
Package pdftex.def Info: gambar/30_error.png  used on input line 103.
(pdftex.def)             Requested size: 221.78923pt x 119.65707pt.
<gambar/30_pengananan.png, id=191, 1028.34187pt x 555.57562pt>
File: gambar/30_pengananan.png Graphic file (type png)
<use gambar/30_pengananan.png>
Package pdftex.def Info: gambar/30_pengananan.png  used on input line 104.
(pdftex.def)             Requested size: 221.78923pt x 119.81943pt.

Overfull \hbox (2.2222pt too wide) in paragraph at lines 103--105
[] [] 
 []

[6 <./gambar/29_error.png> <./gambar/29_pengananan.png> <./gambar/30_error.png>
 <./gambar/30_pengananan.png>] (./eror and solved.aux)

Package rerunfilecheck Warning: File `"eror and solved".out' has changed.
(rerunfilecheck)                Rerun to get outlines right
(rerunfilecheck)                or use package `bookmark'.

Package rerunfilecheck Info: Checksums for `"eror and solved".out':
(rerunfilecheck)             Before: 0A48468D3550D227183879B5C38DDC35;3701
(rerunfilecheck)             After:  CC51B7D2E8715DC681AA760D805C1153;3696.
 ) 
Here is how much of TeX's memory you used:
 10539 strings out of 478276
 169683 string characters out of 5845998
 474807 words of memory out of 5000000
 28567 multiletter control sequences out of 15000+600000
 473573 words of font info for 43 fonts, out of 8000000 for 9000
 1141 hyphenation exceptions out of 8191
 60i,6n,63p,248b,341s stack positions out of 5000i,500n,10000p,200000b,80000s
<d:/aplikasi/texlive/2021/texmf-dist/fonts/type1/public/amsfonts/cm/cmbx12.pf
b><d:/aplikasi/texlive/2021/texmf-dist/fonts/type1/public/amsfonts/cm/cmr10.pfb
><d:/aplikasi/texlive/2021/texmf-dist/fonts/type1/public/amsfonts/cm/cmr12.pfb>
<d:/aplikasi/texlive/2021/texmf-dist/fonts/type1/public/amsfonts/cm/cmr17.pfb>
Output written on "eror and solved.pdf" (6 pages, 2914852 bytes).
PDF statistics:
 227 PDF objects out of 1000 (max. 8388607)
 127 compressed objects within 2 object streams
 28 named destinations out of 1000 (max. 500000)
 374 words of extra memory for PDF output out of 10000 (max. 10000000)

